[09:21:31] [ServerMain/INFO]: Environment: Environment[sessionHost=https://sessionserver.mojang.com, servicesHost=https://api.minecraftservices.com, name=PROD]
[09:21:33] [ServerMain/INFO]: No existing world data, creating new world
[09:21:34] [ServerMain/INFO]: Loaded 1290 recipes
[09:21:34] [ServerMain/INFO]: Loaded 1399 advancements
[09:21:35] [Server thread/INFO]: Starting minecraft server version 1.21
[09:21:35] [Server thread/INFO]: Loading properties
[09:21:35] [Server thread/INFO]: Default game type: SURVIVAL
[09:21:35] [Server thread/INFO]: Generating keypair
[09:21:35] [Server thread/INFO]: Starting Minecraft server on *:25565
[09:21:35] [Server thread/INFO]: Using epoll channel type
[09:21:35] [Server thread/WARN]: **** SERVER IS RUNNING IN OFFLINE/INSECURE MODE!
[09:21:35] [Server thread/WARN]: The server will make no attempt to authenticate usernames. Beware.
[09:21:35] [Server thread/WARN]: While this makes the game possible to play without internet access, it also opens up the ability for hackers to connect with any username they choose.
[09:21:35] [Server thread/WARN]: To change this, set "online-mode" to "true" in the server.properties file.
[09:21:35] [Server thread/INFO]: Preparing level "world"
[09:21:51] [Server thread/INFO]: Preparing start region for dimension minecraft:overworld
[09:21:51] [Worker-Main-1/INFO]: Preparing spawn area: 2%
[09:21:51] [Worker-Main-1/INFO]: Preparing spawn area: 2%
[09:21:52] [Worker-Main-1/INFO]: Preparing spawn area: 2%
[09:21:52] [Worker-Main-1/INFO]: Preparing spawn area: 2%
[09:21:53] [Worker-Main-1/INFO]: Preparing spawn area: 2%
[09:21:53] [Worker-Main-1/INFO]: Preparing spawn area: 2%
[09:21:54] [Worker-Main-1/INFO]: Preparing spawn area: 2%
[09:21:54] [Worker-Main-1/INFO]: Preparing spawn area: 2%
[09:21:55] [Worker-Main-1/INFO]: Preparing spawn area: 2%
[09:21:55] [Worker-Main-1/INFO]: Preparing spawn area: 2%
[09:21:56] [Worker-Main-1/INFO]: Preparing spawn area: 2%
[09:21:56] [Worker-Main-1/INFO]: Preparing spawn area: 2%
[09:21:57] [Worker-Main-1/INFO]: Preparing spawn area: 2%
[09:21:57] [Worker-Main-1/INFO]: Preparing spawn area: 2%
[09:21:58] [Worker-Main-1/INFO]: Preparing spawn area: 2%
[09:21:58] [Worker-Main-1/INFO]: Preparing spawn area: 2%
[09:21:59] [Worker-Main-1/INFO]: Preparing spawn area: 2%
[09:21:59] [Worker-Main-1/INFO]: Preparing spawn area: 2%
[09:22:00] [Worker-Main-1/INFO]: Preparing spawn area: 2%
[09:22:00] [Worker-Main-1/INFO]: Preparing spawn area: 16%
[09:22:01] [Server thread/INFO]: Time elapsed: 9909 ms
[09:22:01] [Server thread/INFO]: Done (25.762s)! For help, type "help"
[09:22:10] [Server thread/INFO]: LilChapi[/127.218.155.50:57023] logged in with entity id 80 at (221.5, 77.0, 46.5)
[09:22:10] [Server thread/INFO]: LilChapi joined the game
[09:24:35] [Server thread/INFO]: Unknown or incomplete command, see below for error
[09:24:35] [Server thread/INFO]: ping<--[HERE]
[09:25:36] [Server thread/INFO]: Made LilChapi a server operator
[09:27:20] [Server thread/INFO]: [LilChapi: Set own game mode to Creative Mode]
[09:28:13] [Server thread/INFO]: [LilChapi: Set own game mode to Survival Mode]
[09:28:25] [Server thread/WARN]: LilChapi moved too quickly! 9.856783268860084,3.127890238205481,-0.04388815399829582
[09:28:36] [Server thread/INFO]: LilChapi fell from a high place
[09:28:38] [Server thread/INFO]: LilChapi lost connection: Disconnected
[09:28:38] [Server thread/INFO]: LilChapi left the game
